
Gurobi 7.5.2 (mac64, Java) logging started Tue May  1 14:31:40 2018

Academic license - for non-commercial use only
Optimize a model with 270 rows, 435 columns and 5110 nonzeros
Variable types: 0 continuous, 435 integer (420 binary)
Coefficient statistics:
  Matrix range     [1e+00, 2e+01]
  Objective range  [1e+00, 4e+00]
  Bounds range     [1e+00, 2e+01]
  RHS range        [1e+00, 1e+01]
Found heuristic solution: objective 32.7873961
Presolve removed 26 rows and 1 columns
Presolve time: 0.05s
Presolved: 244 rows, 434 columns, 2716 nonzeros
Variable types: 0 continuous, 434 integer (420 binary)

Root relaxation: objective 1.682843e+01, 82 iterations, 0.03 seconds

    Nodes    |    Current Node    |     Objective Bounds      |     Work
 Expl Unexpl |  Obj  Depth IntInf | Incumbent    BestBd   Gap | It/Node Time

     0     0   16.82843    0    6   32.78740   16.82843  48.7%     -    0s
H    0     0                      26.5962561   16.82843  36.7%     -    0s
H    0     0                      21.9515328   16.82843  23.3%     -    0s
     0     0   16.82843    0   25   21.95153   16.82843  23.3%     -    0s
H    0     0                      21.1529824   16.82843  20.4%     -    0s
H    0     0                      20.8284271   16.82843  19.2%     -    0s
     0     0   16.82843    0   25   20.82843   16.82843  19.2%     -    0s
     0     0   16.82843    0   25   20.82843   16.82843  19.2%     -    0s
     0     0   16.82843    0   24   20.82843   16.82843  19.2%     -    0s
     0     0   16.82843    0   26   20.82843   16.82843  19.2%     -    0s
     0     0   16.82843    0   12   20.82843   16.82843  19.2%     -    0s
H    0     0                      19.8125592   16.82843  15.1%     -    0s
H    0     0                      19.3005631   16.82843  12.8%     -    0s
     0     0   16.82843    0   21   19.30056   16.82843  12.8%     -    0s
     0     0   16.82843    0   32   19.30056   16.82843  12.8%     -    0s
     0     0   16.82843    0   35   19.30056   16.82843  12.8%     -    0s
     0     0   16.82843    0   26   19.30056   16.82843  12.8%     -    0s
     0     0   16.82843    0   20   19.30056   16.82843  12.8%     -    0s
     0     0   16.82843    0   16   19.30056   16.82843  12.8%     -    0s
     0     0   16.82843    0   24   19.30056   16.82843  12.8%     -    0s
     0     0   16.82843    0    6   19.30056   16.82843  12.8%     -    0s
H    0     0                      16.8284271   16.82843  0.00%     -    0s

Cutting planes:
  Learned: 3
  Implied bound: 3
  MIR: 7

Explored 1 nodes (1692 simplex iterations) in 0.49 seconds
Thread count was 4 (of 4 available processors)

Solution count 8: 16.8284 19.3006 19.8126 ... 32.7874

Optimal solution found (tolerance 1.00e-04)
Best objective 1.682842712475e+01, best bound 1.682842712475e+01, gap 0.0000%

Gurobi 7.5.2 (mac64, Java) logging started Tue May  1 15:09:12 2018

Academic license - for non-commercial use only
Optimize a model with 270 rows, 435 columns and 5110 nonzeros
Variable types: 0 continuous, 435 integer (420 binary)
Coefficient statistics:
  Matrix range     [1e+00, 2e+01]
  Objective range  [1e+00, 4e+00]
  Bounds range     [1e+00, 2e+01]
  RHS range        [1e+00, 1e+01]
Found heuristic solution: objective 32.7873961
Presolve removed 26 rows and 1 columns
Presolve time: 0.01s
Presolved: 244 rows, 434 columns, 2716 nonzeros
Variable types: 0 continuous, 434 integer (420 binary)

Root relaxation: objective 1.682843e+01, 82 iterations, 0.00 seconds

    Nodes    |    Current Node    |     Objective Bounds      |     Work
 Expl Unexpl |  Obj  Depth IntInf | Incumbent    BestBd   Gap | It/Node Time

     0     0   16.82843    0    6   32.78740   16.82843  48.7%     -    0s
H    0     0                      26.5962561   16.82843  36.7%     -    0s
H    0     0                      21.9515328   16.82843  23.3%     -    0s
     0     0   16.82843    0   25   21.95153   16.82843  23.3%     -    0s
H    0     0                      21.1529824   16.82843  20.4%     -    0s
H    0     0                      20.8284271   16.82843  19.2%     -    0s
     0     0   16.82843    0   25   20.82843   16.82843  19.2%     -    0s
     0     0   16.82843    0   25   20.82843   16.82843  19.2%     -    0s
     0     0   16.82843    0   24   20.82843   16.82843  19.2%     -    0s
     0     0   16.82843    0   26   20.82843   16.82843  19.2%     -    0s
     0     0   16.82843    0   12   20.82843   16.82843  19.2%     -    0s
H    0     0                      19.8125592   16.82843  15.1%     -    0s
H    0     0                      19.3005631   16.82843  12.8%     -    0s
     0     0   16.82843    0   21   19.30056   16.82843  12.8%     -    0s
     0     0   16.82843    0   32   19.30056   16.82843  12.8%     -    0s
     0     0   16.82843    0   35   19.30056   16.82843  12.8%     -    0s
     0     0   16.82843    0   26   19.30056   16.82843  12.8%     -    0s
     0     0   16.82843    0   20   19.30056   16.82843  12.8%     -    0s
     0     0   16.82843    0   16   19.30056   16.82843  12.8%     -    0s
     0     0   16.82843    0   24   19.30056   16.82843  12.8%     -    0s
     0     0   16.82843    0    6   19.30056   16.82843  12.8%     -    0s
H    0     0                      16.8284271   16.82843  0.00%     -    0s

Cutting planes:
  Learned: 3
  Implied bound: 3
  MIR: 7

Explored 1 nodes (1692 simplex iterations) in 0.18 seconds
Thread count was 4 (of 4 available processors)

Solution count 8: 16.8284 19.3006 19.8126 ... 32.7874

Optimal solution found (tolerance 1.00e-04)
Best objective 1.682842712475e+01, best bound 1.682842712475e+01, gap 0.0000%

Gurobi 7.5.2 (mac64, Java) logging started Tue May  1 15:37:32 2018

Academic license - for non-commercial use only
Optimize a model with 424 rows, 781 columns and 5132 nonzeros
Variable types: 1 continuous, 780 integer (760 binary)
Coefficient statistics:
  Matrix range     [1e+00, 2e+01]
  Objective range  [1e+00, 1e+00]
  Bounds range     [1e+00, 2e+01]
  RHS range        [1e+00, 2e+01]
Found heuristic solution: objective 36.1107702
Presolve removed 0 rows and 1 columns
Presolve time: 0.02s
Presolved: 424 rows, 780 columns, 5044 nonzeros
Variable types: 1 continuous, 779 integer (760 binary)

Root relaxation: objective 1.070711e+01, 250 iterations, 0.01 seconds

    Nodes    |    Current Node    |     Objective Bounds      |     Work
 Expl Unexpl |  Obj  Depth IntInf | Incumbent    BestBd   Gap | It/Node Time

     0     0   10.70711    0   22   36.11077   10.70711  70.3%     -    0s
H    0     0                      22.8227025   10.70711  53.1%     -    0s
H    0     0                      22.1941734   10.70711  51.8%     -    0s
     0     0   10.70711    0   42   22.19417   10.70711  51.8%     -    0s
     0     0   10.70711    0   42   22.19417   10.70711  51.8%     -    0s
     0     0   10.70711    0   23   22.19417   10.70711  51.8%     -    0s
H    0     0                      21.6083870   10.70711  50.4%     -    0s
     0     0   10.70711    0   59   21.60839   10.70711  50.4%     -    0s
     0     0   10.70711    0   31   21.60839   10.70711  50.4%     -    0s
     0     0   10.70711    0   35   21.60839   10.70711  50.4%     -    0s
     0     0   10.70711    0   24   21.60839   10.70711  50.4%     -    0s
     0     0   10.70711    0   24   21.60839   10.70711  50.4%     -    0s
     0     2   10.70711    0   24   21.60839   10.70711  50.4%     -    0s
H  101   101                      19.6083870   10.70711  45.4%  10.6    0s
*  171   143              89      19.1472576   10.70711  44.1%   8.5    1s
H  783   640                      19.0827625   10.70711  43.9%   6.4    1s
 10098  7987   11.39913   90   35   19.08276   10.70711  43.9%   7.7    5s
*20417 16367             107      19.0710678   10.74623  43.7%   7.8    7s
 22478 18051   11.78368   74   32   19.07107   10.74853  43.6%   7.6   10s
*32096 25812              83      19.0622577   10.79761  43.4%   7.6   11s
 50486 40169   12.33959   45   43   19.06226   10.92893  42.7%   7.7   15s
 79613 62652   18.53082   45   23   19.06226   11.07724  41.9%   7.8   20s
 106005 82749   18.24668   57   30   19.06226   11.12132  41.7%   7.7   25s
 134313 104533   12.86436   55   30   19.06226   11.12990  41.6%   7.7   30s
 164590 127283   15.50129   37   30   19.06226   11.17435  41.4%   7.7   35s
 192280 147442   16.02325   60   35   19.06226   11.20888  41.2%   7.8   40s
 220998 168627 infeasible   56        19.06226   11.24785  41.0%   7.8   45s
 250699 190215   18.86067   47   22   19.06226   11.29011  40.8%   7.8   50s
 282117 212862   14.43424   50   21   19.06226   11.32514  40.6%   7.9   55s
 308951 232157   18.62710   88   17   19.06226   11.32514  40.6%   7.9   60s
 338001 253530   13.34282   75   32   19.06226   11.35083  40.5%   7.9   65s
 365517 272923   14.58081   50   37   19.06226   11.38016  40.3%   7.9   70s
 394308 293257   16.82843  113   27   19.06226   11.41324  40.1%   7.9   75s
 421661 312254   13.72155   36   32   19.06226   11.41421  40.1%   7.9   80s
 448940 331650   12.02512   51   31   19.06226   11.41509  40.1%   7.9   85s
 477552 352115   18.43268   54   28   19.06226   11.43782  40.0%   7.9   90s
 503775 370156   14.99541   62   13   19.06226   11.45563  39.9%   7.9   95s
 530734 388928   17.48050   50   13   19.06226   11.47540  39.8%   7.9  100s
 557244 407240   12.81497   43   37   19.06226   11.49541  39.7%   7.9  105s
 581726 424137   13.77805   81   22   19.06226   11.51205  39.6%   7.9  110s
 607475 441692   13.08568   44   37   19.06226   11.53179  39.5%   7.9  115s
 635550 461746   18.68494   81   17   19.06226   11.53553  39.5%   7.9  120s
 668640 484555   16.27594   45   28   19.06226   11.55592  39.4%   7.9  125s
 702607 508251   18.15357   70   23   19.06226   11.57131  39.3%   7.9  130s
 737744 532216   18.23335   63   29   19.06226   11.58114  39.2%   7.9  135s
 773590 556366   14.85963   68   32   19.06226   11.59571  39.2%   7.9  140s
 806975 579428   18.94688   75   25   19.06226   11.60900  39.1%   8.0  145s
 842150 603317   15.47681   60   28   19.06226   11.62379  39.0%   8.0  150s
 875375 625545   11.69663   42   21   19.06226   11.63805  38.9%   8.0  155s
 909429 648769   18.82843  135   27   19.06226   11.65316  38.9%   8.0  160s
 943499 671880   17.51365   44   33   19.06226   11.66604  38.8%   8.0  165s
 977981 695171   18.68216   46   33   19.06226   11.67978  38.7%   8.0  170s
 1010855 716556   13.76715   69   36   19.06226   11.69303  38.7%   8.0  175s
 1042445 737241     cutoff   90        19.06226   11.70621  38.6%   8.0  180s
 1074154 756460   12.81365   52   40   19.06226   11.70711  38.6%   8.0  185s
 1106256 776622   14.06450   58    9   19.06226   11.70968  38.6%   8.1  190s
 1140791 798627   14.65028   49    4   19.06226   11.72273  38.5%   8.1  195s
 1173588 819804   18.65028  160   11   19.06226   11.73492  38.4%   8.1  200s
 1207361 841818   14.46450   64   19   19.06226   11.74127  38.4%   8.1  205s
 1238184 861297   17.27232   87   26   19.06226   11.75164  38.4%   8.1  210s
 1268707 881105   17.60000   72   12   19.06226   11.76125  38.3%   8.1  215s
 1297298 899076   13.04888   65   23   19.06226   11.77034  38.3%   8.2  220s
 1327826 918195   16.00000   46   28   19.06226   11.78008  38.2%   8.2  225s
 1354774 935087   15.29802  123   27   19.06226   11.78885  38.2%   8.2  230s
 1380891 951210   18.00000   94   28   19.06226   11.79743  38.1%   8.2  235s
 1408217 968178   13.43553   44   22   19.06226   11.80559  38.1%   8.2  240s
 1431452 982686   13.52276   35   32   19.06226   11.81319  38.0%   8.2  245s
 1458874 999538 infeasible   86        19.06226   11.82241  38.0%   8.2  250s
 1483920 1015169   16.30685   45   22   19.06226   11.82843  37.9%   8.2  255s
 1508852 1030865   19.00946   56   30   19.06226   11.83039  37.9%   8.2  260s
 1537287 1048429   13.69922   54   42   19.06226   11.83797  37.9%   8.2  265s
 1564005 1064925   12.46611   54    9   19.06226   11.84518  37.9%   8.2  270s
 1589456 1080223   12.03270   98   27   19.06226   11.85210  37.8%   8.2  275s
 1616975 1096916   13.79858   93   38   19.06226   11.85894  37.8%   8.2  280s
 1640953 1111511   18.04878   63   31   19.06226   11.86493  37.8%   8.2  285s
 1668094 1127824   15.86421   44   25   19.06226   11.87236  37.7%   8.2  290s
 1695027 1143772   16.13258   61   27   19.06226   11.87917  37.7%   8.2  295s
 1722347 1160117   15.97146   54   20   19.06226   11.88641  37.6%   8.2  300s
 1748543 1175449   14.06450   57   25   19.06226   11.89331  37.6%   8.3  305s
 1772601 1189617   16.84307   72   28   19.06226   11.89946  37.6%   8.3  310s
 1799100 1205509 infeasible   59        19.06226   11.90568  37.5%   8.3  315s
 1824601 1220477 infeasible   46        19.06226   11.91274  37.5%   8.3  320s
 1849225 1235030   18.84616   56   21   19.06226   11.91879  37.5%   8.3  325s
 1875162 1249712   12.91709   60   35   19.06226   11.92571  37.4%   8.3  330s
 1899268 1263816   13.22719   48   37   19.06226   11.93206  37.4%   8.3  335s
 1922181 1277382   18.62753   59   33   19.06226   11.93795  37.4%   8.3  340s
*1931819 1281972              68      19.0553851   11.94077  37.3%   8.3  341s
 1946665 1290761   17.13436   61   34   19.05539   11.94398  37.3%   8.3  345s
 1972902 1306275   12.11396   47   25   19.05539   11.94975  37.3%   8.3  350s
 1998865 1321702   14.85257   62   32   19.05539   11.95353  37.3%   8.3  355s
 2022726 1335323   12.40584   58   36   19.05539   11.95942  37.2%   8.4  360s
 2047028 1349596     cutoff   68        19.05539   11.96544  37.2%   8.4  365s
 2071928 1363913   14.31588   67   33   19.05539   11.97128  37.2%   8.4  370s
 2095423 1377292   13.34444   49   16   19.05539   11.97731  37.1%   8.4  375s
 2119208 1390756   12.73632   57   38   19.05539   11.98238  37.1%   8.4  380s
 2144411 1405206     cutoff   53        19.05539   11.98851  37.1%   8.4  385s
 2167943 1418553 infeasible   58        19.05539   11.99377  37.1%   8.4  390s
 2191791 1431730   16.57649   63   18   19.05539   11.99535  37.1%   8.4  395s
 2213122 1443151   17.05000   55   31   19.05539   11.99535  37.1%   8.4  400s
 2237893 1456958   13.59890  112   38   19.05539   11.99638  37.0%   8.4  405s
 2262137 1470226   17.81158   43   25   19.05539   12.00000  37.0%   8.5  410s
 2286427 1482662   12.12426  114   15   19.05539   12.00000  37.0%   8.5  415s
 2309598 1495558   17.88125   49   26   19.05539   12.00511  37.0%   8.5  420s
 2333679 1508834   17.27624   63   32   19.05539   12.01007  37.0%   8.5  425s
 2355320 1521025   17.44646   49   10   19.05539   12.01452  36.9%   8.5  430s
 2375471 1532275   16.41035   48   28   19.05539   12.01886  36.9%   8.5  435s
 2398622 1545250 infeasible   73        19.05539   12.02409  36.9%   8.5  440s
 2419425 1557038   16.51374   43   30   19.05539   12.02870  36.9%   8.5  445s
 2442816 1570337   14.21377   46   32   19.05539   12.03225  36.9%   8.5  450s
 2466683 1583821   12.24264   47   20   19.05539   12.03553  36.8%   8.5  455s
 2487560 1595629   15.95153   38   24   19.05539   12.03932  36.8%   8.5  460s
 2509433 1607849   13.52982   54   29   19.05539   12.04357  36.8%   8.5  465s
 2532235 1620461   14.81310   46   18   19.05539   12.04824  36.8%   8.5  470s
 2556620 1633545   16.02825   83   29   19.05539   12.05305  36.7%   8.6  475s
 2580201 1646643   12.27811   41   31   19.05539   12.05772  36.7%   8.6  480s
 2604929 1660379   13.86625   63   20   19.05539   12.06256  36.7%   8.6  485s
 2629304 1673347   12.19983   88   20   19.05539   12.06592  36.7%   8.6  490s
 2653503 1686702   17.33056   53   18   19.05539   12.07055  36.7%   8.6  495s
 2679289 1700694   16.91805   48   20   19.05539   12.07515  36.6%   8.6  500s
 2702533 1713346   12.23608   66   41   19.05539   12.07994  36.6%   8.6  505s
 2727035 1726848   13.11749   41   42   19.05539   12.08443  36.6%   8.6  510s
 2750569 1739208 infeasible   69        19.05539   12.08928  36.6%   8.6  515s
 2774716 1752593   13.15905   51   39   19.05539   12.09346  36.5%   8.6  520s
 2798825 1765522   18.36042   73   15   19.05539   12.09797  36.5%   8.6  525s
 2822660 1778390     cutoff   50        19.05539   12.10243  36.5%   8.6  530s
 2848086 1791951   15.21639   53   31   19.05539   12.10749  36.5%   8.6  535s
 2871983 1804882 infeasible   65        19.05539   12.11224  36.4%   8.6  540s
 2895848 1817750     cutoff   49        19.05539   12.11667  36.4%   8.6  545s
 2919316 1830517   18.99174   87   29   19.05539   12.12077  36.4%   8.7  550s
 2942181 1843249   12.92931   35   31   19.05539   12.12139  36.4%   8.7  555s
 2966759 1856420   15.72243   84   30   19.05539   12.12584  36.4%   8.7  560s
 2987908 1867595   13.04685   39   27   19.05539   12.12977  36.3%   8.7  565s
 3010990 1880036   18.27745   53   21   19.05539   12.13375  36.3%   8.7  570s
 3037358 1894594   17.40492   55   19   19.05539   12.13832  36.3%   8.7  575s
 3061371 1907570   14.20284   64   33   19.05539   12.14231  36.3%   8.7  580s
 3085833 1920509     cutoff   73        19.05539   12.14665  36.3%   8.7  585s
 3109738 1933412   17.96248   54   25   19.05539   12.15061  36.2%   8.7  590s
 3132767 1945854   13.04057   49   21   19.05539   12.15357  36.2%   8.7  595s
 3157403 1959542   13.24141   59   29   19.05539   12.15579  36.2%   8.7  600s
 3181173 1972173   18.35794   46    6   19.05539   12.15981  36.2%   8.7  605s
 3206160 1985575   15.15583   45   30   19.05539   12.16388  36.2%   8.7  610s
 3229626 1998052   16.06450   46   35   19.05539   12.16742  36.1%   8.7  615s
 3254382 2011344   14.97498   58   31   19.05539   12.17115  36.1%   8.7  620s
 3277487 2023612   13.41259   43   26   19.05539   12.17485  36.1%   8.7  625s
 3301026 2036110   15.08380   49   18   19.05539   12.17891  36.1%   8.8  630s
 3324184 2048524 infeasible   61        19.05539   12.18226  36.1%   8.8  635s
 3347571 2061186   13.33894   55   23   19.05539   12.18546  36.1%   8.8  640s
 3372681 2074661   14.23792   46   33   19.05539   12.18965  36.0%   8.8  645s
 3395127 2086512   18.89292   52   10   19.05539   12.19336  36.0%   8.8  650s
 3419461 2099572   13.44797   48   44   19.05539   12.19665  36.0%   8.8  655s
 3443378 2112056   13.37888   90   46   19.05539   12.20029  36.0%   8.8  660s
 3466019 2124080   14.46379   34   30   19.05539   12.20405  36.0%   8.8  665s
 3489426 2136568 infeasible   90        19.05539   12.20733  35.9%   8.8  670s
 3512265 2148724 infeasible  129        19.05539   12.21077  35.9%   8.8  675s
 3536403 2161242   14.13218   47   25   19.05539   12.21427  35.9%   8.8  680s
 3559384 2173540   17.76910   69   19   19.05539   12.21750  35.9%   8.8  685s
 3583077 2185991   16.03607   45   26   19.05539   12.22110  35.9%   8.8  690s
 3606907 2198055   14.52242   52   29   19.05539   12.22489  35.8%   8.8  695s
 3630108 2210387   14.71528   65   25   19.05539   12.22852  35.8%   8.8  700s
 3654882 2223683   14.74853   76   29   19.05539   12.23264  35.8%   8.8  705s
 3678010 2235446 infeasible   71        19.05539   12.23643  35.8%   8.8  710s
 3702314 2248329   18.07588   63   26   19.05539   12.24021  35.8%   8.8  715s
 3725387 2259992   16.72309   61   36   19.05539   12.24264  35.8%   8.8  720s
 3750615 2272710   15.38073   73   12   19.05539   12.24264  35.8%   8.8  725s
 3774026 2283553   17.01384  100    6   19.05539   12.24264  35.8%   8.8  730s
 3798494 2295712   14.36349   34   31   19.05539   12.24385  35.7%   8.8  735s
 3822154 2308297   16.93312   45   24   19.05539   12.24721  35.7%   8.8  740s
 3845197 2320363 infeasible   64        19.05539   12.25074  35.7%   8.8  745s
 3870153 2333557   15.88314   82   26   19.05539   12.25474  35.7%   8.9  750s
 3892360 2345179   18.33605   56   29   19.05539   12.25793  35.7%   8.9  755s
 3917155 2358148 infeasible   85        19.05539   12.26162  35.7%   8.9  760s
 3939910 2369962   14.65957   79   33   19.05539   12.26461  35.6%   8.9  765s
 3964731 2383069   14.31266   92   19   19.05539   12.26808  35.6%   8.9  770s
 3986332 2392698   18.94304   58   31   19.05539   12.26866  35.6%   8.9  775s
 4007353 2401783   15.85493   58   29   19.05539   12.26866  35.6%   8.9  780s
 4028284 2411194   17.95153   50   20   19.05539   12.26866  35.6%   8.9  785s
 4049679 2420276   17.39227   57   43   19.05539   12.26866  35.6%   8.9  790s
 4072092 2430302   16.53732   66   25   19.05539   12.26936  35.6%   8.9  795s
 4096394 2442883   18.03147   50   27   19.05539   12.27276  35.6%   8.9  800s
 4119323 2454911   12.96495   53   34   19.05539   12.27564  35.6%   8.9  805s
 4141460 2466140   14.89051   44   21   19.05539   12.27833  35.6%   8.9  810s
 4166483 2479428   18.05352   78   24   19.05539   12.28151  35.5%   8.9  815s
 4188648 2490946   14.05549   93   21   19.05539   12.28414  35.5%   8.9  820s
 4206338 2499931   13.06477   62   39   19.05539   12.28656  35.5%   8.9  825s
 4223345 2508904   13.86228   38   28   19.05539   12.28825  35.5%   8.9  830s
 4242256 2518799   18.20685   51   26   19.05539   12.29063  35.5%   8.9  835s
 4262506 2529124 infeasible   56        19.05539   12.29325  35.5%   8.9  840s
 4279367 2538082 infeasible   49        19.05539   12.29546  35.5%   9.0  845s
 4296631 2546721   15.39116   65   25   19.05539   12.29801  35.5%   9.0  850s
 4317014 2557271   13.19741   49   25   19.05539   12.30074  35.4%   9.0  855s
 4335563 2566762   13.28389   58   35   19.05539   12.30283  35.4%   9.0  860s
 4354661 2576460   13.63607   77    6   19.05539   12.30497  35.4%   9.0  865s
 4371709 2585283   18.65028   61   18   19.05539   12.30714  35.4%   9.0  870s
 4392343 2596214   12.71554   36   39   19.05539   12.30982  35.4%   9.0  875s
 4406151 2603512   17.63634   65   15   19.05539   12.31171  35.4%   9.0  880s
 4424427 2612774   13.64264   52   32   19.05539   12.31412  35.4%   9.0  885s
 4442333 2621758   15.75527  124   24   19.05539   12.31614  35.4%   9.0  890s
 4456521 2629203   18.44851   60   12   19.05539   12.31813  35.4%   9.0  895s
 4475991 2639183 infeasible   96        19.05539   12.32049  35.3%   9.0  900s
 4495716 2649350   14.65407   45   34   19.05539   12.32315  35.3%   9.0  905s
 4515453 2659703   13.71491   44   45   19.05539   12.32514  35.3%   9.0  910s
 4530450 2667135   16.78397   35   32   19.05539   12.32693  35.3%   9.0  915s
 4553367 2678917   17.68584   67   32   19.05539   12.32981  35.3%   9.0  920s
 4570292 2687387   16.35917   57   14   19.05539   12.33145  35.3%   9.0  925s
 4589713 2697368   17.06421   53   36   19.05539   12.33389  35.3%   9.0  930s
 4610803 2708400   13.50384   57   27   19.05539   12.33633  35.3%   9.0  935s
 4630173 2718317   15.87618   68   38   19.05539   12.33858  35.2%   9.0  940s
 4647100 2726786   12.53495   69   44   19.05539   12.34067  35.2%   9.0  945s
 4663282 2734983   18.64892   69   26   19.05539   12.34278  35.2%   9.0  950s
 4684321 2745970 infeasible  103        19.05539   12.34516  35.2%   9.0  955s
 4705244 2756750 infeasible   59        19.05539   12.34778  35.2%   9.0  960s
 4727759 2768303   13.40249   53   27   19.05539   12.35067  35.2%   9.0  965s
 4750742 2779855   18.14765   54   20   19.05539   12.35355  35.2%   9.0  970s
 4772970 2791176   13.09235   61   30   19.05539   12.35640  35.2%   9.0  975s
 4795220 2802828   18.70521   53   19   19.05539   12.35756  35.1%   9.0  980s
 4817345 2814000   16.23738   71   22   19.05539   12.35999  35.1%   9.0  985s
 4834000 2822682   13.95309   63   22   19.05539   12.36204  35.1%   9.0  990s
 4854646 2833790   18.47214   59   14   19.05539   12.36407  35.1%   9.0  995s
 4876067 2844718   16.56927   70   29   19.05539   12.36650  35.1%   9.0 1000s
 4898062 2855954   15.72076   94   34   19.05539   12.36914  35.1%   9.0 1005s
 4920688 2867484   18.56230   91   22   19.05539   12.37175  35.1%   9.0 1010s
 4943923 2879442 infeasible   40        19.05539   12.37444  35.1%   9.0 1015s
 4966332 2891066   16.60865   56   29   19.05539   12.37691  35.0%   9.0 1020s
 4989686 2902588 infeasible  106        19.05539   12.37946  35.0%   9.0 1025s
 5009813 2913060   17.46506   63   25   19.05539   12.38170  35.0%   9.0 1030s
 5028780 2922492   14.43744   72   28   19.05539   12.38406  35.0%   9.0 1035s
 5050641 2933765   15.50384   56   28   19.05539   12.38635  35.0%   9.1 1040s
 5071949 2944661   12.63026   89   43   19.05539   12.38858  35.0%   9.1 1045s
 5092342 2954737   18.88522   92   18   19.05539   12.39068  35.0%   9.1 1050s
 5112565 2964814   13.71062   59   39   19.05539   12.39313  35.0%   9.1 1055s
 5133351 2975520   14.96384   49   31   19.05539   12.39552  35.0%   9.1 1060s
 5156667 2987774   16.88027   81   24   19.05539   12.39821  34.9%   9.1 1065s
 5177736 2998559   14.23517  112   33   19.05539   12.40044  34.9%   9.1 1070s
 5198298 3008801   12.90326   75   19   19.05539   12.40284  34.9%   9.1 1075s
 5216630 3018185   16.96863   57   20   19.05539   12.40495  34.9%   9.1 1080s
 5234747 3027228   12.75980   70    4   19.05539   12.40701  34.9%   9.1 1085s
 5251271 3035609 infeasible   81        19.05539   12.40861  34.9%   9.1 1090s
 5268752 3044337   18.24534   59   26   19.05539   12.40972  34.9%   9.1 1095s
 5284788 3052440   13.79948   55   23   19.05539   12.41157  34.9%   9.1 1100s
 5302356 3061286 infeasible   81        19.05539   12.41378  34.9%   9.1 1105s
